<?xml version="1.0" encoding="UTF-8"?>
<testng-results ignored="0" total="1" passed="1" failed="0" skipped="0">
  <reporter-output>
  </reporter-output>
  <suite started-at="2021-09-14T23:32:53 PET" name="cs.ing.software.lab01.Laboratorio01Test" finished-at="2021-09-14T23:32:53 PET" duration-ms="87">
    <groups>
    </groups>
    <test started-at="2021-09-14T23:32:53 PET" name="Command line test" finished-at="2021-09-14T23:32:53 PET" duration-ms="87">
      <class name="cs.ing.software.lab01.Laboratorio01Test">
        <test-method signature="test01()[pri:0, instance:cs.ing.software.lab01.Laboratorio01Test@d2de489]" started-at="2021-09-14T23:32:53 PET" name="test01" finished-at="2021-09-14T23:32:53 PET" duration-ms="24" status="PASS">
          <reporter-output>
          </reporter-output>
        </test-method> <!-- test01 -->
      </class> <!-- cs.ing.software.lab01.Laboratorio01Test -->
    </test> <!-- Command line test -->
  </suite> <!-- cs.ing.software.lab01.Laboratorio01Test -->
</testng-results>
